<?xml version="1.0" encoding="UTF-8"?>
<!-- Generated by org.testng.reporters.JUnitXMLReporter -->
<testsuite hostname="Dhruv-Laptop" ignored="0" name="Test" tests="8" failures="0" timestamp="06 Jul 2020 18:25:12 GMT" time="3.415" errors="0">
  <testcase name="TC1" time="2.754" classname="org.testing.TestCases.PostRequestHit"/>
  <testcase name="TC2" time="0.141" classname="org.testing.TestCases.GetRequestHit"/>
  <testcase name="TC3" time="0.098" classname="org.testing.TestCases.GetRequestAllData"/>
  <testcase name="TC4" time="0.097" classname="org.testing.TestCases.PutRequestHit"/>
  <testcase name="TC5" time="0.065" classname="org.testing.TestCases.TestCase5"/>
  <testcase name="TC6" time="0.012" classname="org.testing.TestCases.TestCase6"/>
  <testcase name="TC7" time="0.002" classname="org.testing.TestCases.TestCase7"/>
  <testcase name="TC8" time="0.025" classname="org.testing.TestCases.TestCase8"/>
</testsuite> <!-- Test -->
